<?xml version="1.0" encoding="UTF-8"?>
<testng-results ignored="0" total="1" passed="1" failed="0" skipped="0">
  <reporter-output>
  </reporter-output>
  <suite started-at="2024-05-02T13:08:46 IST" name="Default suite" finished-at="2024-05-02T13:08:53 IST" duration-ms="7407">
    <groups>
    </groups>
    <test started-at="2024-05-02T13:08:46 IST" name="Default test" finished-at="2024-05-02T13:08:53 IST" duration-ms="7407">
      <class name="com.pack2.M2">
        <test-method signature="test()[pri:0, instance:com.pack2.M2@7880cdf3]" started-at="2024-05-02T13:08:46 IST" name="test" finished-at="2024-05-02T13:08:53 IST" duration-ms="7344" status="PASS">
          <reporter-output>
          </reporter-output>
        </test-method> <!-- test -->
      </class> <!-- com.pack2.M2 -->
    </test> <!-- Default test -->
  </suite> <!-- Default suite -->
</testng-results>
